<?xml version="1.0" encoding="UTF-8"?>
<!-- Generated by org.testng.reporters.JUnitReportReporter -->
<testsuite hostname="WENDELLROBLES-HP-EB-840-G3" failures="0" tests="1" name="test.com.itexps.CalculatorTest" time="0.009" errors="0" timestamp="24 Aug 2024 17:07:37 GMT">
  <testcase classname="test.com.itexps.CalculatorTest" name="testAdd" time="0.009"/>
</testsuite> <!-- test.com.itexps.CalculatorTest -->
